C51 COMPILER V9.54   DS18B201                                                              09/14/2023 11:03:46 PAGE 1   


C51 COMPILER V9.54, COMPILATION OF MODULE DS18B201
OBJECT MODULE PLACED IN .\Objects\ds18b201.obj
COMPILER INVOKED BY: F:\C51\BIN\C51.EXE ds18b201.c OPTIMIZE(8,SPEED) BROWSE DEBUG OBJECTEXTEND PRINT(.\Listings\ds18b201
                    -.lst) TABS(2) OBJECT(.\Objects\ds18b201.obj)

line level    source

   1          #include <REGX52.H>
   2          #include "OneWire.h"
   3          #define DS18B20_SKIP_ROM              0xCC
   4          #define DS18B20_CONVERT_T              0x44
   5          #define DS18B20_READ_SCRATCHPAD              0xBE
   6          
   7          void DS18B20_ConverT(void)
   8          {
   9   1        OneWire_Init();
  10   1        onewire_sendByte(DS18B20_SKIP_ROM);
  11   1        onewire_sendByte(DS18B20_CONVERT_T);
  12   1      }
  13          
  14          float DS18B20_readT(void)
  15          {
  16   1        unsigned char TLSB,TMSB;
  17   1        int Temp;
  18   1        float T;
  19   1        OneWire_Init();
  20   1        onewire_sendByte(DS18B20_SKIP_ROM);
  21   1        onewire_sendByte(DS18B20_READ_SCRATCHPAD);
  22   1        TLSB=onewire_reciveByte();
  23   1        TMSB=onewire_reciveByte();
  24   1        Temp=(TMSB<<8)|TLSB;
  25   1        T=Temp/16.0;
  26   1        return T;
  27   1      }
  28          


MODULE INFORMATION:   STATIC OVERLAYABLE
   CODE SIZE        =     57    ----
   CONSTANT SIZE    =   ----    ----
   XDATA SIZE       =   ----    ----
   PDATA SIZE       =   ----    ----
   DATA SIZE        =   ----       1
   IDATA SIZE       =   ----    ----
   BIT SIZE         =   ----    ----
END OF MODULE INFORMATION.


C51 COMPILATION COMPLETE.  0 WARNING(S),  0 ERROR(S)
