C51 COMPILER V9.54   LCD1602                                                               09/14/2023 11:03:45 PAGE 1   


C51 COMPILER V9.54, COMPILATION OF MODULE LCD1602
OBJECT MODULE PLACED IN .\Objects\lcd1602.obj
COMPILER INVOKED BY: F:\C51\BIN\C51.EXE lcd1602.c OPTIMIZE(8,SPEED) BROWSE DEBUG OBJECTEXTEND PRINT(.\Listings\lcd1602.l
                    -st) TABS(2) OBJECT(.\Objects\lcd1602.obj)

line level    source

   1          #include <REGX52.H>
   2          
   3          sbit LCD_RS=P2^6;
   4          sbit LCD_RW=P2^5;
   5          sbit LCD_E=P2^7;
   6          #define LCD_DataPort P0
   7          
   8          
   9          void LCD_Delay()  //12MHZ,1ms
  10          {
  11   1        unsigned char i,j;
  12   1        
  13   1        i=2;
  14   1        j=239;
  15   1        do
  16   1        {
  17   2          while(--j);
  18   2        }while(--i);
  19   1      }
  20          
  21          void LCD_WriteCommand(unsigned char Command)
  22          {
  23   1        LCD_RS=0;
  24   1        LCD_RW=0;
  25   1        LCD_DataPort=Command;
  26   1        LCD_E=1;
  27   1        LCD_Delay();
  28   1        LCD_E=0;
  29   1        LCD_Delay();
  30   1      }
  31          void LCD_WriteData(unsigned char Data)
  32          {
  33   1        LCD_RS=1;
  34   1        LCD_RW=0;
  35   1        LCD_DataPort=Data;
  36   1        LCD_E=1;
  37   1        LCD_Delay();
  38   1        LCD_E=0;
  39   1        LCD_Delay();
  40   1      }
  41          
  42          void LCD_Init(void)//chushihua
  43          {
  44   1        LCD_WriteCommand(0x38);
  45   1        LCD_WriteCommand(0x0C);
  46   1        LCD_WriteCommand(0x06);
  47   1        LCD_WriteCommand(0x01);
  48   1      }
  49          
  50          void LCD_SetCursor(unsigned char Line,unsigned char Column)
  51          {
  52   1        if(Line==1)
  53   1        {
  54   2          LCD_WriteCommand(0x80|(Column-1));
C51 COMPILER V9.54   LCD1602                                                               09/14/2023 11:03:45 PAGE 2   

  55   2        }
  56   1        else
  57   1        {
  58   2          LCD_WriteCommand(0x80|(Column-1)+0x40);
  59   2        }
  60   1      }
  61          
  62          void LCD_ShowChar(unsigned char Line,unsigned char Column,unsigned char Char)
  63          {
  64   1        LCD_SetCursor(Line,Column);
  65   1        LCD_WriteData(Char);
  66   1      }
  67          int LCD_Pow(int x,int y)
  68          {
  69   1        unsigned char i;
  70   1        int result=1;
  71   1        for(i=0;i<y;i++)
  72   1        {
  73   2          result*=x;
  74   2        }
  75   1        return result;
  76   1      }
  77          void LCD_ShowNum(unsigned char Line,unsigned char Column,unsigned int Number,unsigned int Length)
  78          {
  79   1        unsigned char i;
  80   1        LCD_SetCursor(Line,Column);
  81   1        for(i=Length;i>0;i--)
  82   1        {
  83   2          LCD_WriteData(0x30+Number/LCD_Pow(10,i-1)%10);
  84   2        }
  85   1      }


MODULE INFORMATION:   STATIC OVERLAYABLE
   CODE SIZE        =    181    ----
   CONSTANT SIZE    =   ----    ----
   XDATA SIZE       =   ----    ----
   PDATA SIZE       =   ----    ----
   DATA SIZE        =   ----      10
   IDATA SIZE       =   ----    ----
   BIT SIZE         =   ----    ----
END OF MODULE INFORMATION.


C51 COMPILATION COMPLETE.  0 WARNING(S),  0 ERROR(S)
